Opening WARC file 'C:/Users/rwestphal/Projects/berkmancenter/netclerk/public/content/53/53.warc'.

--2016-04-01 16:56:56--  http://nytimes.com/
Resolving nytimes.com (nytimes.com)... 170.149.159.130, 170.149.161.130
Connecting to nytimes.com (nytimes.com)|170.149.159.130|:80... connected.
HTTP request sent, awaiting response... 301 Moved Permanently
Location: http://www.nytimes.com/ [following]

     0K                                                        0.00 =0s

--2016-04-01 16:56:56--  http://www.nytimes.com/
Resolving www.nytimes.com (www.nytimes.com)... 170.149.161.130
Connecting to www.nytimes.com (www.nytimes.com)|170.149.161.130|:80... connected.
HTTP request sent, awaiting response... 200 OK
Length: unspecified [text/html]
Saving to: 'C:/Users/rwestphal/Projects/berkmancenter/netclerk/public/content/53/nytimes.com/index.html'

     0K .......... .......... .......... .......... .......... 1.81M
    50K .......... .......... .......... .......... .......... 1.82M
   100K .......... .......... .......... .......... .......... 3.25M
   150K .......... .......... ....                             11.6M=0.07s

2016-04-01 16:56:56 (2.40 MB/s) - 'C:/Users/rwestphal/Projects/berkmancenter/netclerk/public/content/53/nytimes.com/index.html' saved [178382]

Loading robots.txt; please ignore errors.
--2016-04-01 16:56:56--  http://www.nytimes.com/robots.txt
Connecting to www.nytimes.com (www.nytimes.com)|170.149.161.130|:80... connected.
HTTP request sent, awaiting response... 200 OK
Length: 1029 (1.0K) [text/plain]
Saving to: 'C:/Users/rwestphal/Projects/berkmancenter/netclerk/public/content/53/www.nytimes.com/robots.txt'

     0K .                                                     100% 31.9M=0s

2016-04-01 16:56:56 (31.9 MB/s) - 'C:/Users/rwestphal/Projects/berkmancenter/netclerk/public/content/53/www.nytimes.com/robots.txt' saved [1029/1029]

Loading robots.txt; please ignore errors.
--2016-04-01 16:56:57--  https://a1.nyt.com/robots.txt
Resolving a1.nyt.com (a1.nyt.com)... 23.33.84.130
Connecting to a1.nyt.com (a1.nyt.com)|23.33.84.130|:443... connected.
HTTP request sent, awaiting response... 404 Not Found

     0K                                                       100% 2.06M=0s

2016-04-01 16:56:57 ERROR 404: Not Found.

--2016-04-01 16:56:57--  https://static01.nyt.com/favicon.ico
Connecting to static01.nyt.com (static01.nyt.com)|23.33.84.130|:443... connected.
HTTP request sent, awaiting response... 200 OK
Length: 15086 (15K) [image/x-icon]
Saving to: 'C:/Users/rwestphal/Projects/berkmancenter/netclerk/public/content/53/static01.nyt.com/favicon.ico'

     0K .......... ....                                       100% 15.7M=0.001s

2016-04-01 16:56:57 (15.7 MB/s) - 'C:/Users/rwestphal/Projects/berkmancenter/netclerk/public/content/53/static01.nyt.com/favicon.ico' saved [15086/15086]

--2016-04-01 16:56:57--  https://a1.nyt.com/assets/homepage/20160328-174152/css/homepage/styles.css
Connecting to a1.nyt.com (a1.nyt.com)|23.33.84.130|:443... connected.
HTTP request sent, awaiting response... 200 OK
Length: unspecified [text/css]
Saving to: 'C:/Users/rwestphal/Projects/berkmancenter/netclerk/public/content/53/a1.nyt.com/assets/homepage/20160328-174152/css/homepage/styles.css'

     0K .......... .......... .......... .......... .......... 1.90M
    50K .......... .......... .......... .......... .......... 1.79M
   100K .......... .......... .......... .......... .......... 1.94M
   150K .......... .......... .......... .......... .......... 2.03M
   200K .......... .......... .......... .......... .......... 6.81M
   250K .......... .......... .......... .......... .......... 10.0M
   300K .......... .......... .......... .......... .......... 2.52M
   350K .......... .......... .......... .......... .......... 11.3M
   400K .......                                                38.0G=0.1s

2016-04-01 16:56:58 (2.88 MB/s) - 'C:/Users/rwestphal/Projects/berkmancenter/netclerk/public/content/53/a1.nyt.com/assets/homepage/20160328-174152/css/homepage/styles.css' saved [417079]

--2016-04-01 16:56:58--  https://cdn.optimizely.com/js/3338050995.js
Connecting to cdn.optimizely.com (cdn.optimizely.com)|23.33.87.136|:443... connected.
HTTP request sent, awaiting response... 200 OK
Length: unspecified [text/javascript]
Saving to: 'C:/Users/rwestphal/Projects/berkmancenter/netclerk/public/content/53/cdn.optimizely.com/js/3338050995.js'

     0K .......... .......... .......... .......... .......... 4.54M
    50K .......... .......... .......... .......... .......... 3.25M
   100K .......... .......... .......... .......... .......... 3.84M
   150K .......... .......... .......... .......... .......... 5.51M
   200K .......... .......... .......... .......... ..........  900K
   250K .......... ........                                    5.97M=0.1s

2016-04-01 16:56:58 (2.48 MB/s) - 'C:/Users/rwestphal/Projects/berkmancenter/netclerk/public/content/53/cdn.optimizely.com/js/3338050995.js' saved [275115]

--2016-04-01 16:56:58--  http://graphics8.nytimes.com/newsgraphics/2015/02/25/election-navigation/assets/images/election-2016-logo.png
Reusing existing connection to css.nyt.com:80.
HTTP request sent, awaiting response... 200 OK
Length: 1476 (1.4K) [image/png]
Saving to: 'C:/Users/rwestphal/Projects/berkmancenter/netclerk/public/content/53/graphics8.nytimes.com/newsgraphics/2015/02/25/election-navigation/assets/images/election-2016-logo.png'

     0K .                                                     100% 10.7M=0s

2016-04-01 16:56:58 (10.7 MB/s) - 'C:/Users/rwestphal/Projects/berkmancenter/netclerk/public/content/53/graphics8.nytimes.com/newsgraphics/2015/02/25/election-navigation/assets/images/election-2016-logo.png' saved [1476/1476]

--2016-04-01 16:57:01--  https://a1.nyt.com/fonts/family/cheltenham/cheltenham-italic-400.ttf
Reusing existing connection to a1.nyt.com:443.
HTTP request sent, awaiting response... 200 OK
Length: unspecified [application/x-font-ttf]
Saving to: 'C:/Users/rwestphal/Projects/berkmancenter/netclerk/public/content/53/a1.nyt.com/fonts/family/cheltenham/cheltenham-italic-400.ttf'

     0K .......... .......... .......... .......... .......... 10.5M
    50K .......... .......... .......... .......... .........  19.8M=0.007s

2016-04-01 16:57:01 (13.7 MB/s) - 'C:/Users/rwestphal/Projects/berkmancenter/netclerk/public/content/53/a1.nyt.com/fonts/family/cheltenham/cheltenham-italic-400.ttf' saved [101952]

--2016-04-01 16:57:06--  https://a1.nyt.com/assets/homepage/20160328-174152/images/shared/messaging/icon-bell-count-1-59x60-fullcolor.svg
Connecting to a1.nyt.com (a1.nyt.com)|23.33.84.130|:443... connected.
HTTP request sent, awaiting response... 200 OK
Length: 1845 (1.8K) [image/svg+xml]
Saving to: 'C:/Users/rwestphal/Projects/berkmancenter/netclerk/public/content/53/a1.nyt.com/assets/homepage/20160328-174152/images/shared/messaging/icon-bell-count-1-59x60-fullcolor.svg'

     0K .                                                     100% 4.66M=0s

2016-04-01 16:57:06 (4.66 MB/s) - 'C:/Users/rwestphal/Projects/berkmancenter/netclerk/public/content/53/a1.nyt.com/assets/homepage/20160328-174152/images/shared/messaging/icon-bell-count-1-59x60-fullcolor.svg' saved [1845/1845]

FINISHED --2016-04-01 16:57:07--
Total wall clock time: 11s
Downloaded: 242 files, 12M in 1.6s (7.74 MB/s)
Converting links in C:/Users/rwestphal/Projects/berkmancenter/netclerk/public/content/53/nytimes.com/index.html... 70-0
Converting links in C:/Users/rwestphal/Projects/berkmancenter/netclerk/public/content/53/a1.nyt.com/assets/homepage/20160328-174152/css/homepage/styles.css... 181-0
Converting links in C:/Users/rwestphal/Projects/berkmancenter/netclerk/public/content/53/int.nyt.com/applications/portals/assets/portal-3dc2bf0e7593a689f857e1edec4a2566.css... 12-2
Converted links in 3 files in 0.1 seconds.
